<?xml version="1.0" encoding="UTF-8"?>
<!-- Generated by org.testng.reporters.JUnitReportReporter -->
<testsuite hostname="LAPTOP-79EBP0UC" failures="0" tests="1" name="test.Landing_Test" time="0.129" errors="0" timestamp="17 May 2019 01:20:46 GMT">
  <testcase classname="test.Landing_Test" name="validateAppTitle" time="0.129"/>
</testsuite> <!-- test.Landing_Test -->
