<?xml version="1.0" encoding="UTF-8"?>
<!-- Generated by org.testng.reporters.JUnitReportReporter -->
<testsuite hostname="LAPTOP-79EBP0UC" failures="0" tests="1" name="test.Login_Test" time="12.512" errors="0" timestamp="17 May 2019 01:20:46 GMT">
  <testcase classname="test.Login_Test" name="basePageNavigation" time="12.512"/>
</testsuite> <!-- test.Login_Test -->
